# JRE version: OpenJDK Runtime Environment (11.0.8+10) (build 11.0.8+10-b944.6842174)
# Java VM: OpenJDK 64-Bit Server VM (11.0.8+10-b944.6842174, mixed mode, tiered, compressed oops, g1 gc, windows-amd64)
Heap:
 garbage-first heap   total 260096K, used 160821K [0x0000000080000000, 0x0000000100000000)
  region size 1024K, 109 young (111616K), 13 survivors (13312K)
 Metaspace       used 66475K, capacity 68325K, committed 68560K, reserved 1107968K
  class space    used 8686K, capacity 9274K, committed 9344K, reserved 1048576K
GC Heap History (14 events):
Event: 0.842 GC heap before
{Heap before GC invocations=0 (full 0):
 garbage-first heap   total 260096K, used 29696K [0x0000000080000000, 0x0000000100000000)
  region size 1024K, 24 young (24576K), 0 survivors (0K)
 Metaspace       used 10422K, capacity 10723K, committed 11008K, reserved 1058816K
  class space    used 1096K, capacity 1193K, committed 1280K, reserved 1048576K
}
Event: 0.847 GC heap after
{Heap after GC invocations=1 (full 0):
 garbage-first heap   total 260096K, used 8548K [0x0000000080000000, 0x0000000100000000)
  region size 1024K, 3 young (3072K), 3 survivors (3072K)
 Metaspace       used 10422K, capacity 10723K, committed 11008K, reserved 1058816K
  class space    used 1096K, capacity 1193K, committed 1280K, reserved 1048576K
}
Event: 2.517 GC heap before
{Heap before GC invocations=1 (full 0):
 garbage-first heap   total 260096K, used 92516K [0x0000000080000000, 0x0000000100000000)
  region size 1024K, 87 young (89088K), 3 survivors (3072K)
 Metaspace       used 20579K, capacity 21187K, committed 21296K, reserved 1069056K
  class space    used 2516K, capacity 2688K, committed 2688K, reserved 1048576K
}
Event: 2.525 GC heap after
{Heap after GC invocations=2 (full 0):
 garbage-first heap   total 260096K, used 16227K [0x0000000080000000, 0x0000000100000000)
  region size 1024K, 11 young (11264K), 11 survivors (11264K)
 Metaspace       used 20579K, capacity 21187K, committed 21296K, reserved 1069056K
  class space    used 2516K, capacity 2688K, committed 2688K, reserved 1048576K
}
Event: 2.734 GC heap before
{Heap before GC invocations=3 (full 0):
 garbage-first heap   total 260096K, used 37731K [0x0000000080000000, 0x0000000100000000)
  region size 1024K, 32 young (32768K), 11 survivors (11264K)
 Metaspace       used 22533K, capacity 23086K, committed 23344K, reserved 1069056K
  class space    used 2891K, capacity 3090K, committed 3200K, reserved 1048576K
}
Event: 2.739 GC heap after
{Heap after GC invocations=4 (full 0):
 garbage-first heap   total 260096K, used 17717K [0x0000000080000000, 0x0000000100000000)
  region size 1024K, 2 young (2048K), 2 survivors (2048K)
 Metaspace       used 22533K, capacity 23086K, committed 23344K, reserved 1069056K
  class space    used 2891K, capacity 3090K, committed 3200K, reserved 1048576K
}
Event: 3.780 GC heap before
{Heap before GC invocations=4 (full 0):
 garbage-first heap   total 260096K, used 110901K [0x0000000080000000, 0x0000000100000000)
  region size 1024K, 86 young (88064K), 2 survivors (2048K)
 Metaspace       used 34712K, capacity 35624K, committed 35708K, reserved 1081344K
  class space    used 4522K, capacity 4864K, committed 4864K, reserved 1048576K
}
Event: 3.789 GC heap after
{Heap after GC invocations=5 (full 0):
 garbage-first heap   total 260096K, used 33924K [0x0000000080000000, 0x0000000100000000)
  region size 1024K, 9 young (9216K), 9 survivors (9216K)
 Metaspace       used 34712K, capacity 35624K, committed 35708K, reserved 1081344K
  class space    used 4522K, capacity 4864K, committed 4864K, reserved 1048576K
}
Event: 4.867 GC heap before
{Heap before GC invocations=6 (full 0):
 garbage-first heap   total 260096K, used 142468K [0x0000000080000000, 0x0000000100000000)
  region size 1024K, 105 young (107520K), 9 survivors (9216K)
 Metaspace       used 43698K, capacity 44959K, committed 45052K, reserved 1089536K
  class space    used 5597K, capacity 6009K, committed 6016K, reserved 1048576K
}
Event: 4.874 GC heap after
{Heap after GC invocations=7 (full 0):
 garbage-first heap   total 260096K, used 48191K [0x0000000080000000, 0x0000000100000000)
  region size 1024K, 14 young (14336K), 14 survivors (14336K)
 Metaspace       used 43698K, capacity 44959K, committed 45052K, reserved 1089536K
  class space    used 5597K, capacity 6009K, committed 6016K, reserved 1048576K
}
Event: 6.290 GC heap before
{Heap before GC invocations=7 (full 0):
 garbage-first heap   total 260096K, used 191551K [0x0000000080000000, 0x0000000100000000)
  region size 1024K, 152 young (155648K), 14 survivors (14336K)
 Metaspace       used 56491K, capacity 58136K, committed 58364K, reserved 1099776K
  class space    used 7237K, capacity 7772K, committed 7808K, reserved 1048576K
}
Event: 6.306 GC heap after
{Heap after GC invocations=8 (full 0):
 garbage-first heap   total 260096K, used 62058K [0x0000000080000000, 0x0000000100000000)
  region size 1024K, 18 young (18432K), 18 survivors (18432K)
 Metaspace       used 56491K, capacity 58136K, committed 58364K, reserved 1099776K
  class space    used 7237K, capacity 7772K, committed 7808K, reserved 1048576K
}
Event: 6.408 GC heap before
{Heap before GC invocations=8 (full 0):
 garbage-first heap   total 260096K, used 75370K [0x0000000080000000, 0x0000000100000000)
  region size 1024K, 33 young (33792K), 18 survivors (18432K)
 Metaspace       used 57808K, capacity 59523K, committed 59728K, reserved 1101824K
  class space    used 7390K, capacity 7935K, committed 7936K, reserved 1048576K
}
Event: 6.419 GC heap after
{Heap after GC invocations=9 (full 0):
 garbage-first heap   total 260096K, used 63541K [0x0000000080000000, 0x0000000100000000)
  region size 1024K, 13 young (13312K), 13 survivors (13312K)
 Metaspace       used 57808K, capacity 59523K, committed 59728K, reserved 1101824K
  class space    used 7390K, capacity 7935K, committed 7936K, reserved 1048576K
}

